Determining if the pthread_create exist failed with the following output:
Change Dir: /home/abhijeet/jobs/robotics/project0/build/CMakeFiles/CMakeTmp

Run Build Command:"/usr/bin/make" "cmTC_552db/fast"
/usr/bin/make -f CMakeFiles/cmTC_552db.dir/build.make CMakeFiles/cmTC_552db.dir/build
make[1]: Entering directory '/home/abhijeet/jobs/robotics/project0/build/CMakeFiles/CMakeTmp'
Building C object CMakeFiles/cmTC_552db.dir/CheckSymbolExists.c.o
/usr/bin/cc     -o CMakeFiles/cmTC_552db.dir/CheckSymbolExists.c.o   -c /home/abhijeet/jobs/robotics/project0/build/CMakeFiles/CMakeTmp/CheckSymbolExists.c
Linking C executable cmTC_552db
/usr/bin/cmake -E cmake_link_script CMakeFiles/cmTC_552db.dir/link.txt --verbose=1
/usr/bin/cc       CMakeFiles/cmTC_552db.dir/CheckSymbolExists.c.o  -o cmTC_552db -rdynamic 
CMakeFiles/cmTC_552db.dir/CheckSymbolExists.c.o: In function `main':
CheckSymbolExists.c:(.text+0x16): undefined reference to `pthread_create'
collect2: error: ld returned 1 exit status
CMakeFiles/cmTC_552db.dir/build.make:97: recipe for target 'cmTC_552db' failed
make[1]: *** [cmTC_552db] Error 1
make[1]: Leaving directory '/home/abhijeet/jobs/robotics/project0/build/CMakeFiles/CMakeTmp'
Makefile:126: recipe for target 'cmTC_552db/fast' failed
make: *** [cmTC_552db/fast] Error 2

File /home/abhijeet/jobs/robotics/project0/build/CMakeFiles/CMakeTmp/CheckSymbolExists.c:
/* */
#include <pthread.h>

int main(int argc, char** argv)
{
  (void)argv;
#ifndef pthread_create
  return ((int*)(&pthread_create))[argc];
#else
  (void)argc;
  return 0;
#endif
}

Determining if the function pthread_create exists in the pthreads failed with the following output:
Change Dir: /home/abhijeet/jobs/robotics/project0/build/CMakeFiles/CMakeTmp

Run Build Command:"/usr/bin/make" "cmTC_c70cd/fast"
/usr/bin/make -f CMakeFiles/cmTC_c70cd.dir/build.make CMakeFiles/cmTC_c70cd.dir/build
make[1]: Entering directory '/home/abhijeet/jobs/robotics/project0/build/CMakeFiles/CMakeTmp'
Building C object CMakeFiles/cmTC_c70cd.dir/CheckFunctionExists.c.o
/usr/bin/cc    -DCHECK_FUNCTION_EXISTS=pthread_create   -o CMakeFiles/cmTC_c70cd.dir/CheckFunctionExists.c.o   -c /usr/share/cmake-3.5/Modules/CheckFunctionExists.c
Linking C executable cmTC_c70cd
/usr/bin/cmake -E cmake_link_script CMakeFiles/cmTC_c70cd.dir/link.txt --verbose=1
/usr/bin/cc   -DCHECK_FUNCTION_EXISTS=pthread_create    CMakeFiles/cmTC_c70cd.dir/CheckFunctionExists.c.o  -o cmTC_c70cd -rdynamic -lpthreads 
/usr/bin/ld: cannot find -lpthreads
collect2: error: ld returned 1 exit status
CMakeFiles/cmTC_c70cd.dir/build.make:97: recipe for target 'cmTC_c70cd' failed
make[1]: *** [cmTC_c70cd] Error 1
make[1]: Leaving directory '/home/abhijeet/jobs/robotics/project0/build/CMakeFiles/CMakeTmp'
Makefile:126: recipe for target 'cmTC_c70cd/fast' failed
make: *** [cmTC_c70cd/fast] Error 2


